#
# There is insufficient memory for the Java Runtime Environment to continue.
# Native memory allocation (mmap) failed to map 536870912 bytes for G1 virtual space
# Possible reasons:
#   The system is out of physical RAM or swap space
#   The process is running with CompressedOops enabled, and the Java Heap may be blocking the growth of the native heap
# Possible solutions:
#   Reduce memory load on the system
#   Increase physical memory or swap space
#   Check if swap backing store is full
#   Decrease Java heap size (-Xmx/-Xms)
#   Decrease number of Java threads
#   Decrease Java thread stack sizes (-Xss)
#   Set larger code cache with -XX:ReservedCodeCacheSize=
#   JVM is running with Unscaled Compressed Oops mode in which the Java heap is
#     placed in the first 4GB address space. The Java Heap base address is the
#     maximum limit for the native heap growth. Please use -XX:HeapBaseMinAddress
#     to set the Java Heap base and to place the Java Heap above 4GB virtual address.
# This output file may be truncated or incomplete.
#
#  Out of Memory Error (os_windows.cpp:3466), pid=18520, tid=27160
#
# JRE version:  (16.0.2+7) (build )
# Java VM: OpenJDK 64-Bit Server VM (16.0.2+7-67, mixed mode, sharing, tiered, compressed oops, compressed class ptrs, g1 gc, windows-amd64)
# No core dump will be written. Minidumps are not enabled by default on client versions of Windows
#

---------------  S U M M A R Y ------------

Command Line: -Dfile.encoding=Cp1252 -XX:+ShowCodeDetailsInExceptionMessages -Xms512m -Xmx1100m hannotte_td_graphql.TdGraphqlApplication

Host: AMD Ryzen 5 PRO 3500U w/ Radeon Vega Mobile Gfx, 8 cores, 5G,  Windows 10 , 64 bit Build 19041 (10.0.19041.2788)
Time: Tue May 23 09:54:03 2023 Europe de l , 64 bit Build 19041 (10.0.19041.2788) elapsed time: 0.134248 seconds (0d 0h 0m 0s)

---------------  T H R E A D  ---------------

Current thread (0x000001fd49c748f0):  JavaThread "Unknown thread" [_thread_in_vm, id=27160, stack(0x0000006160300000,0x0000006160400000)]

Stack: [0x0000006160300000,0x0000006160400000]
Native frames: (J=compiled Java code, j=interpreted, Vv=VM code, C=native code)
V  [jvm.dll+0x6681ca]
V  [jvm.dll+0x7c9e69]
V  [jvm.dll+0x7cb61e]
V  [jvm.dll+0x7cbc73]
V  [jvm.dll+0x242c55]
V  [jvm.dll+0x664f89]
V  [jvm.dll+0x659b75]
V  [jvm.dll+0x2fbfbb]
V  [jvm.dll+0x3031b6]
V  [jvm.dll+0x35299e]
V  [jvm.dll+0x352bcf]
V  [jvm.dll+0x2d3028]
V  [jvm.dll+0x2d4264]
V  [jvm.dll+0x79c741]
V  [jvm.dll+0x360791]
V  [jvm.dll+0x77a3f0]
V  [jvm.dll+0x3e4e8f]
V  [jvm.dll+0x3e6961]
C  [jli.dll+0x52fb]
C  [ucrtbase.dll+0x21bb2]
C  [KERNEL32.DLL+0x17604]
C  [ntdll.dll+0x526a1]


---------------  P R O C E S S  ---------------

Threads class SMR info:
_java_thread_list=0x00007ffc0dc2cbb8, length=0, elements={
}

Java Threads: ( => current thread )

Other Threads:
  0x000001fd49ca1ab0 GCTaskThread "GC Thread#0" [stack: 0x0000006160400000,0x0000006160500000] [id=29260]
  0x000001fd49cac490 ConcurrentGCThread "G1 Main Marker" [stack: 0x0000006160500000,0x0000006160600000] [id=16024]
  0x000001fd49cad6a0 ConcurrentGCThread "G1 Conc#0" [stack: 0x0000006160600000,0x0000006160700000] [id=1360]

[error occurred during error reporting (printing all threads), id 0xc0000005, EXCEPTION_ACCESS_VIOLATION (0xc0000005) at pc=0x00007ffc0d403ee7]

VM state: not at safepoint (not fully initialized)

VM Mutex/Monitor currently owned by a thread:  ([mutex/lock_event])
[0x000001fd49c71580] Heap_lock - owner thread: 0x000001fd49c748f0

Heap address: 0x00000000bb400000, size: 1100 MB, Compressed Oops mode: 32-bit

CDS archive(s) mapped at: [0x0000000000000000-0x0000000000000000-0x0000000000000000), size 0, SharedBaseAddress: 0x0000000800000000, ArchiveRelocationMode: 0.
Narrow klass base: 0x0000000000000000, Narrow klass shift: 0, Narrow klass range: 0x0

GC Precious Log:
<Empty>

Heap:
 garbage-first heap   total 0K, used 0K [0x00000000bb400000, 0x0000000100000000)
  region size 1024K, 0 young (0K), 0 survivors (0K)

[error occurred during error reporting (printing heap information), id 0xc0000005, EXCEPTION_ACCESS_VIOLATION (0xc0000005) at pc=0x00007ffc0d7e1eed]

GC Heap History (0 events):
No events

Deoptimization events (0 events):
No events

Classes unloaded (0 events):
No events

Classes redefined (0 events):
No events

Internal exceptions (0 events):
No events

Events (1 events):
Event: 0.090 Loaded shared library C:\Users\swwf0624\.p2\pool\plugins\org.eclipse.justj.openjdk.hotspot.jre.full.win32.x86_64_16.0.2.v20210721-1149\jre\bin\java.dll


Dynamic libraries:
0x00007ff73b860000 - 0x00007ff73b86e000 	C:\Users\swwf0624\.p2\pool\plugins\org.eclipse.justj.openjdk.hotspot.jre.full.win32.x86_64_16.0.2.v20210721-1149\jre\bin\javaw.exe
0x00007ffc71d70000 - 0x00007ffc71f68000 	C:\WINDOWS\SYSTEM32\ntdll.dll
0x00007ffc71c40000 - 0x00007ffc71cff000 	C:\WINDOWS\System32\KERNEL32.DLL
0x00007ffc6f680000 - 0x00007ffc6f95a000 	C:\WINDOWS\System32\KERNELBASE.dll
0x00007ffc6fc20000 - 0x00007ffc6fd20000 	C:\WINDOWS\System32\ucrtbase.dll
0x00007ffc516e0000 - 0x00007ffc516f8000 	C:\Users\swwf0624\.p2\pool\plugins\org.eclipse.justj.openjdk.hotspot.jre.full.win32.x86_64_16.0.2.v20210721-1149\jre\bin\jli.dll
0x00007ffc71870000 - 0x00007ffc71a0d000 	C:\WINDOWS\System32\USER32.dll
0x00007ffc5efb0000 - 0x00007ffc5f24a000 	C:\WINDOWS\WinSxS\amd64_microsoft.windows.common-controls_6595b64144ccf1df_6.0.19041.1110_none_60b5254171f9507e\COMCTL32.dll
0x00007ffc6fa50000 - 0x00007ffc6fa72000 	C:\WINDOWS\System32\win32u.dll
0x00007ffc70fc0000 - 0x00007ffc7105e000 	C:\WINDOWS\System32\msvcrt.dll
0x00007ffc49060000 - 0x00007ffc49079000 	C:\Users\swwf0624\.p2\pool\plugins\org.eclipse.justj.openjdk.hotspot.jre.full.win32.x86_64_16.0.2.v20210721-1149\jre\bin\VCRUNTIME140.dll
0x00007ffc70f90000 - 0x00007ffc70fbb000 	C:\WINDOWS\System32\GDI32.dll
0x00007ffc6fa80000 - 0x00007ffc6fb90000 	C:\WINDOWS\System32\gdi32full.dll
0x00007ffc6f9b0000 - 0x00007ffc6fa4d000 	C:\WINDOWS\System32\msvcp_win.dll
0x00007ffc71d00000 - 0x00007ffc71d30000 	C:\WINDOWS\System32\IMM32.DLL
0x00007ffc3f200000 - 0x00007ffc3f2a4000 	C:\Program Files\McAfee\Endpoint Security\Threat Prevention\Ips\EpMPApi.dll
0x00007ffc71060000 - 0x00007ffc71186000 	C:\WINDOWS\System32\RPCRT4.dll
0x00007ffc71b90000 - 0x00007ffc71c3e000 	C:\WINDOWS\System32\ADVAPI32.dll
0x00007ffc6ff00000 - 0x00007ffc6ff9c000 	C:\WINDOWS\System32\sechost.dll
0x00007ffc6f4b0000 - 0x00007ffc6f517000 	C:\WINDOWS\System32\WINTRUST.dll
0x00007ffc6f520000 - 0x00007ffc6f676000 	C:\WINDOWS\System32\CRYPT32.dll
0x00007ffc6ef90000 - 0x00007ffc6efa2000 	C:\WINDOWS\SYSTEM32\MSASN1.dll
0x0000000073000000 - 0x000000007300c000 	C:\Program Files\McAfee\Endpoint Security\Threat Prevention\Ips\EpMPThe.dll
0x00007ffc5dc50000 - 0x00007ffc5dc5c000 	C:\Users\swwf0624\.p2\pool\plugins\org.eclipse.justj.openjdk.hotspot.jre.full.win32.x86_64_16.0.2.v20210721-1149\jre\bin\vcruntime140_1.dll
0x00007ffc20ba0000 - 0x00007ffc20c31000 	C:\Users\swwf0624\.p2\pool\plugins\org.eclipse.justj.openjdk.hotspot.jre.full.win32.x86_64_16.0.2.v20210721-1149\jre\bin\msvcp140.dll
0x00007ffc0d120000 - 0x00007ffc0dccb000 	C:\Users\swwf0624\.p2\pool\plugins\org.eclipse.justj.openjdk.hotspot.jre.full.win32.x86_64_16.0.2.v20210721-1149\jre\bin\server\jvm.dll
0x00007ffc6fef0000 - 0x00007ffc6fef8000 	C:\WINDOWS\System32\PSAPI.DLL
0x00007ffc58a00000 - 0x00007ffc58a09000 	C:\WINDOWS\SYSTEM32\WSOCK32.dll
0x00007ffc65ab0000 - 0x00007ffc65ad7000 	C:\WINDOWS\SYSTEM32\WINMM.dll
0x00007ffc65aa0000 - 0x00007ffc65aaa000 	C:\WINDOWS\SYSTEM32\VERSION.dll
0x00007ffc71270000 - 0x00007ffc712db000 	C:\WINDOWS\System32\WS2_32.dll
0x00007ffc6db00000 - 0x00007ffc6db12000 	C:\WINDOWS\SYSTEM32\kernel.appcore.dll
0x00007ffc678d0000 - 0x00007ffc678da000 	C:\Users\swwf0624\.p2\pool\plugins\org.eclipse.justj.openjdk.hotspot.jre.full.win32.x86_64_16.0.2.v20210721-1149\jre\bin\jimage.dll
0x00007ffc6d8f0000 - 0x00007ffc6dad4000 	C:\WINDOWS\SYSTEM32\DBGHELP.DLL
0x00007ffc56710000 - 0x00007ffc56744000 	C:\WINDOWS\SYSTEM32\dbgcore.DLL
0x00007ffc6fb90000 - 0x00007ffc6fc12000 	C:\WINDOWS\System32\bcryptPrimitives.dll
0x00007ffc56f30000 - 0x00007ffc56f55000 	C:\Users\swwf0624\.p2\pool\plugins\org.eclipse.justj.openjdk.hotspot.jre.full.win32.x86_64_16.0.2.v20210721-1149\jre\bin\java.dll

dbghelp: loaded successfully - version: 4.0.5 - missing functions: none
symbol engine: initialized successfully - sym options: 0x614 - pdb path: .;C:\Users\swwf0624\.p2\pool\plugins\org.eclipse.justj.openjdk.hotspot.jre.full.win32.x86_64_16.0.2.v20210721-1149\jre\bin;C:\WINDOWS\SYSTEM32;C:\WINDOWS\WinSxS\amd64_microsoft.windows.common-controls_6595b64144ccf1df_6.0.19041.1110_none_60b5254171f9507e;C:\Program Files\McAfee\Endpoint Security\Threat Prevention\Ips;C:\Users\swwf0624\.p2\pool\plugins\org.eclipse.justj.openjdk.hotspot.jre.full.win32.x86_64_16.0.2.v20210721-1149\jre\bin\server

VM Arguments:
jvm_args: -Dfile.encoding=Cp1252 -XX:+ShowCodeDetailsInExceptionMessages -Xms512m -Xmx1100m 
java_command: hannotte_td_graphql.TdGraphqlApplication
java_class_path (initial): C:\Users\swwf0624\td_graphql\hannotte_td_graphql\target\classes;C:\Users\swwf0624\.m2\repository\com\graphql-java-kickstart\graphql-spring-boot-starter\7.2.0\graphql-spring-boot-starter-7.2.0.jar;C:\Users\swwf0624\.m2\repository\com\graphql-java-kickstart\graphql-spring-boot-autoconfigure\7.2.0\graphql-spring-boot-autoconfigure-7.2.0.jar;C:\Users\swwf0624\.m2\repository\com\graphql-java-kickstart\graphql-kickstart-spring-boot-starter-tools\7.2.0\graphql-kickstart-spring-boot-starter-tools-7.2.0.jar;C:\Users\swwf0624\.m2\repository\com\graphql-java-kickstart\graphql-kickstart-spring-boot-autoconfigure-tools\7.2.0\graphql-kickstart-spring-boot-autoconfigure-tools-7.2.0.jar;C:\Users\swwf0624\.m2\repository\com\graphql-java-kickstart\graphql-kickstart-spring-support\7.2.0\graphql-kickstart-spring-support-7.2.0.jar;C:\Users\swwf0624\.m2\repository\com\graphql-java-kickstart\graphql-java-kickstart\9.2.0\graphql-java-kickstart-9.2.0.jar;C:\Users\swwf0624\.m2\repository\com\fasterxml\jackson\core\jackson-core\2.10.0\jackson-core-2.10.0.jar;C:\Users\swwf0624\.m2\repository\com\fasterxml\jackson\core\jackson-annotations\2.10.0\jackson-annotations-2.10.0.jar;C:\Users\swwf0624\.m2\repository\com\fasterxml\jackson\core\jackson-databind\2.10.0\jackson-databind-2.10.0.jar;C:\Users\swwf0624\.m2\repository\com\fasterxml\jackson\datatype\jackson-datatype-jdk8\2.10.0\jackson-datatype-jdk8-2.10.0.jar;C:\Users\swwf0624\.m2\repository\com\graphql-java-kickstart\graphql-java-servlet\9.2.0\graphql-java-servlet-9.2.0.jar;C:\Users\swwf0624\.m2\repository\javax\servlet\javax.servlet-api\3.1.0\javax.servlet-api-3.1.0.jar;C:\Users\swwf0624\.m2\repository\javax\websocket\javax.websocket-api\1.1\javax.websocket-api-1.1.jar;C:\Users\swwf0624\.m2\repository\com\graphql-java\graphql-java\14.1\graphql-java-14.1.jar;C:\Users\swwf0624\.m2\repository\org\antlr\antlr4-runtime\4.7.2\antlr4-runtime-4.7.2.jar;C:\Users\swwf0624\.m2\repository\org\slf4j\slf4j-api\1.7.25\slf4j-api-
Launcher Type: SUN_STANDARD

[Global flags]
     intx CICompilerCount                          = 4                                         {product} {ergonomic}
     uint ConcGCThreads                            = 2                                         {product} {ergonomic}
     uint G1ConcRefinementThreads                  = 8                                         {product} {ergonomic}
   size_t G1HeapRegionSize                         = 1048576                                   {product} {ergonomic}
    uintx GCDrainStackTargetSize                   = 64                                        {product} {ergonomic}
   size_t InitialHeapSize                          = 536870912                                 {product} {command line}
   size_t MarkStackSize                            = 4194304                                   {product} {ergonomic}
   size_t MaxHeapSize                              = 1153433600                                {product} {command line}
   size_t MinHeapDeltaBytes                        = 1048576                                   {product} {ergonomic}
   size_t MinHeapSize                              = 536870912                                 {product} {command line}
    uintx NonNMethodCodeHeapSize                   = 5839372                                {pd product} {ergonomic}
    uintx NonProfiledCodeHeapSize                  = 122909434                              {pd product} {ergonomic}
    uintx ProfiledCodeHeapSize                     = 122909434                              {pd product} {ergonomic}
    uintx ReservedCodeCacheSize                    = 251658240                              {pd product} {ergonomic}
     bool SegmentedCodeCache                       = true                                      {product} {ergonomic}
     bool ShowCodeDetailsInExceptionMessages       = true                                   {manageable} {command line}
   size_t SoftMaxHeapSize                          = 1153433600                             {manageable} {ergonomic}
     bool UseCompressedClassPointers               = true                           {product lp64_product} {ergonomic}
     bool UseCompressedOops                        = true                           {product lp64_product} {ergonomic}
     bool UseG1GC                                  = true                                      {product} {ergonomic}
     bool UseLargePagesIndividualAllocation        = false                                  {pd product} {ergonomic}

Logging:
Log output configuration:
 #0: stdout all=warning uptime,level,tags
 #1: stderr all=off uptime,level,tags

Environment Variables:
JAVA_HOME=C:\Program Files (x86)\Java\jdk1.8.0_301
_JAVA_OPTIONS=-Xms512m -Xmx1100m
PATH=C:/Users/swwf0624/.p2/pool/plugins/org.eclipse.justj.openjdk.hotspot.jre.full.win32.x86_64_16.0.2.v20210721-1149/jre/bin/server;C:/Users/swwf0624/.p2/pool/plugins/org.eclipse.justj.openjdk.hotspot.jre.full.win32.x86_64_16.0.2.v20210721-1149/jre/bin;C:\Program Files (x86)\Microsoft SDKs\Azure\CLI2\wbin;C:\Program Files\Common Files\Oracle\Java\javapath;C:\Program Files (x86)\Common Files\Oracle\Java\javapath;C:\WINDOWS\system32;C:\WINDOWS;C:\WINDOWS\System32\Wbem;C:\WINDOWS\System32\WindowsPowerShell\v1.0\;C:\Program Files\SafeNet\Authentication\SAC\x64;C:\Program Files\SafeNet\Authentication\SAC\x32;C:\Program Files\Git\cmd;C:\Users\swwf0624\Downloads\apache-maven-3.8.2\bin;C:\Program Files\Go\bin;C:\Program Files (x86)\Pulse Secure\VC142.CRT\X64\;C:\Program Files (x86)\Pulse Secure\VC142.CRT\X86\;C:\Program Files\PuTTY\;C:\Program Files\Docker\Docker\resources\bin;C:\Program Files\Kubernetes\Minikube;C:\ProgramData\ComposerSetup\bin;C:\Program Files (x86)\Common Files\Pulse Secure\VC142.CRT\X64\;C:\Program Files (x86)\Common Files\Pulse Secure\VC142.CRT\X86\;C:\Program Files (x86)\Common Files\Pulse Secure\TNC Client Plugin\;C:\Users\swwf0624\AppData\Roaming\npm;C:\Program Files\MySQL\MySQL Shell 8.0\bin\;C:\Users\swwf0624\AppData\Local\Programs\Python\Python310;C:\Program Files (x86)\Microsoft SDKs\Azure\CLI2\wbin;C:\Program Files\Common Files\Oracle\Java\javapath;C:\Program Files (x86)\Common Files\Oracle\Java\javapath;C:\WINDOWS\system32;C:\WINDOWS;C:\WINDOWS\System32\Wbem;C:\WINDOWS\System32\WindowsPowerShell\v1.0\;C:\Program Files\SafeNet\Authentication\SAC\x64;C:\Program Files\SafeNet\Authentication\SAC\x32;C:\Program Files\Git\cmd;C:\Users\swwf0624\Downloads\apache-maven-3.8.2\bin;C:\Program Files\Go\bin;C:\Program Files (x86)\Pulse Secure\VC142.CRT\X64\;C:\Program Files (x86)\Pulse Secure\VC142.CRT\X86\;C:\Program Files\PuTTY\;C:\Program Files\Docker\Docker\resources\bin;C:\Program Files\Kubernetes\Minikube;C:\ProgramData\ComposerSetup\bin;C:\Program File
USERNAME=SWWF0624
OS=Windows_NT
PROCESSOR_IDENTIFIER=AMD64 Family 23 Model 24 Stepping 1, AuthenticAMD



---------------  S Y S T E M  ---------------

OS:
 Windows 10 , 64 bit Build 19041 (10.0.19041.2788)
OS uptime: 6 days 10:20 hours
Hyper-V role detected

CPU: total 8 (initial active 8) (8 cores per cpu, 2 threads per core) family 23 model 24 stepping 1 microcode 0x0, cx8, cmov, fxsr, ht, mmx, 3dnowpref, sse, sse2, sse3, ssse3, sse4a, sse4.1, sse4.2, popcnt, lzcnt, tsc, tscinvbit, avx, avx2, aes, clmul, bmi1, bmi2, adx, sha, fma, vzeroupper, clflush, clflushopt, hv

Memory: 4k page, system-wide physical 6022M (205M free)
TotalPageFile size 24454M (AvailPageFile size 399M)
current process WorkingSet (physical memory assigned to process): 10M, peak: 11M
current process commit charge ("private bytes"): 60M, peak: 572M

vm_info: OpenJDK 64-Bit Server VM (16.0.2+7-67) for windows-amd64 JRE (16.0.2+7-67), built on Jun  8 2021 23:21:43 by "mach5one" with MS VC++ 16.7 (VS2019)

END.
